2022.04.16 23:00:30 INFO  ce[][o.s.p.ProcessEntryPoint] Starting Compute Engine
2022.04.16 23:00:30 INFO  ce[][o.s.ce.app.CeServer] Compute Engine starting up...
2022.04.16 23:00:30 INFO  ce[][o.sonar.db.Database] Create JDBC data source for jdbc:h2:tcp://127.0.0.1:9092/sonar;NON_KEYWORDS=VALUE
2022.04.16 23:00:31 WARN  ce[][o.s.db.dialect.H2] H2 database should be used for evaluation purpose only.
2022.04.16 23:00:31 INFO  ce[][o.s.s.p.ServerFileSystemImpl] SonarQube home: C:\Users\T-GAMER\Desktop\sonarqube-9.4.0.54424
2022.04.16 23:00:31 INFO  ce[][o.s.c.c.CePluginRepository] Load plugins
2022.04.16 23:00:32 INFO  ce[][o.s.c.c.ComputeEngineContainerImpl] Running Community edition
2022.04.16 23:00:32 INFO  ce[][o.s.ce.app.CeServer] Compute Engine is started
2022.04.16 23:04:05 INFO  ce[][o.s.c.t.CeWorkerImpl] Execute task | project=murilonerdx-java | type=REPORT | id=AYA1Q00LWxlY6nFz3wm7 | submitter=admin
2022.04.16 23:04:05 INFO  ce[AYA1Q00LWxlY6nFz3wm7][o.s.c.t.s.ComputationStepExecutor] Extract report | status=SUCCESS | time=91ms
2022.04.16 23:04:05 INFO  ce[AYA1Q00LWxlY6nFz3wm7][o.s.c.t.s.ComputationStepExecutor] Persist scanner context | status=SUCCESS | time=5ms
2022.04.16 23:04:05 INFO  ce[AYA1Q00LWxlY6nFz3wm7][o.s.c.t.s.ComputationStepExecutor] Propagate analysis warnings from scanner report | status=SUCCESS | time=0ms
2022.04.16 23:04:05 INFO  ce[AYA1Q00LWxlY6nFz3wm7][o.s.c.t.s.ComputationStepExecutor] Generate analysis UUID | status=SUCCESS | time=0ms
2022.04.16 23:04:05 INFO  ce[AYA1Q00LWxlY6nFz3wm7][o.s.c.t.s.ComputationStepExecutor] Load analysis metadata | status=SUCCESS | time=42ms
2022.04.16 23:04:05 INFO  ce[AYA1Q00LWxlY6nFz3wm7][o.s.c.t.s.ComputationStepExecutor] Initialize | status=SUCCESS | time=0ms
2022.04.16 23:04:05 INFO  ce[AYA1Q00LWxlY6nFz3wm7][o.s.c.t.s.ComputationStepExecutor] Build tree of components | components=41 | status=SUCCESS | time=31ms
2022.04.16 23:04:05 INFO  ce[AYA1Q00LWxlY6nFz3wm7][o.s.c.t.s.ComputationStepExecutor] Validate project | status=SUCCESS | time=3ms
2022.04.16 23:04:05 INFO  ce[AYA1Q00LWxlY6nFz3wm7][o.s.s.e.EsClientProvider] Connected to local Elasticsearch: [http://kubernetes.docker.internal:9001]
2022.04.16 23:04:06 INFO  ce[AYA1Q00LWxlY6nFz3wm7][o.s.c.t.s.ComputationStepExecutor] Load quality profiles | status=SUCCESS | time=479ms
2022.04.16 23:04:06 INFO  ce[AYA1Q00LWxlY6nFz3wm7][o.s.c.t.s.ComputationStepExecutor] Load Quality gate | status=SUCCESS | time=8ms
2022.04.16 23:04:06 INFO  ce[AYA1Q00LWxlY6nFz3wm7][o.s.c.t.s.ComputationStepExecutor] Load new code period | status=SUCCESS | time=3ms
2022.04.16 23:04:06 INFO  ce[AYA1Q00LWxlY6nFz3wm7][o.s.c.t.s.ComputationStepExecutor] Detect file moves | status=SUCCESS | time=0ms
2022.04.16 23:04:06 INFO  ce[AYA1Q00LWxlY6nFz3wm7][o.s.c.t.s.ComputationStepExecutor] Load duplications | duplications=0 | status=SUCCESS | time=5ms
2022.04.16 23:04:06 INFO  ce[AYA1Q00LWxlY6nFz3wm7][o.s.c.t.s.ComputationStepExecutor] Compute cross project duplications | status=SUCCESS | time=0ms
2022.04.16 23:04:06 INFO  ce[AYA1Q00LWxlY6nFz3wm7][o.s.c.t.s.ComputationStepExecutor] Compute size measures | status=SUCCESS | time=19ms
2022.04.16 23:04:06 INFO  ce[AYA1Q00LWxlY6nFz3wm7][o.s.c.t.s.ComputationStepExecutor] Compute new coverage | status=SUCCESS | time=3ms
2022.04.16 23:04:06 INFO  ce[AYA1Q00LWxlY6nFz3wm7][o.s.c.t.s.ComputationStepExecutor] Compute coverage measures | status=SUCCESS | time=11ms
2022.04.16 23:04:06 INFO  ce[AYA1Q00LWxlY6nFz3wm7][o.s.c.t.s.ComputationStepExecutor] Compute comment measures | status=SUCCESS | time=2ms
2022.04.16 23:04:06 INFO  ce[AYA1Q00LWxlY6nFz3wm7][o.s.c.t.s.ComputationStepExecutor] Compute duplication measures | status=SUCCESS | time=0ms
2022.04.16 23:04:06 INFO  ce[AYA1Q00LWxlY6nFz3wm7][o.s.c.t.s.ComputationStepExecutor] Compute size measures on new code | status=SUCCESS | time=1ms
2022.04.16 23:04:06 INFO  ce[AYA1Q00LWxlY6nFz3wm7][o.s.c.t.s.ComputationStepExecutor] Compute language distribution | status=SUCCESS | time=8ms
2022.04.16 23:04:06 INFO  ce[AYA1Q00LWxlY6nFz3wm7][o.s.c.t.s.ComputationStepExecutor] Compute test measures | status=SUCCESS | time=1ms
2022.04.16 23:04:06 INFO  ce[AYA1Q00LWxlY6nFz3wm7][o.s.c.t.s.ComputationStepExecutor] Compute complexity measures | status=SUCCESS | time=1ms
2022.04.16 23:04:06 INFO  ce[AYA1Q00LWxlY6nFz3wm7][o.s.c.t.s.ComputationStepExecutor] Load measure computers | status=SUCCESS | time=2ms
2022.04.16 23:04:06 INFO  ce[AYA1Q00LWxlY6nFz3wm7][o.s.c.t.s.ComputationStepExecutor] Compute Quality Profile status | status=SUCCESS | time=2ms
2022.04.16 23:04:06 INFO  ce[AYA1Q00LWxlY6nFz3wm7][o.s.c.t.s.ComputationStepExecutor] Execute component visitors | status=SUCCESS | time=328ms
2022.04.16 23:04:06 INFO  ce[AYA1Q00LWxlY6nFz3wm7][o.s.c.t.s.ComputationStepExecutor] Checks executed after computation of measures | status=SUCCESS | time=0ms
2022.04.16 23:04:06 INFO  ce[AYA1Q00LWxlY6nFz3wm7][o.s.c.t.s.ComputationStepExecutor] Compute Quality Gate measures | status=SUCCESS | time=4ms
2022.04.16 23:04:06 INFO  ce[AYA1Q00LWxlY6nFz3wm7][o.s.c.t.s.ComputationStepExecutor] Compute Quality profile measures | status=SUCCESS | time=3ms
2022.04.16 23:04:06 INFO  ce[AYA1Q00LWxlY6nFz3wm7][o.s.c.t.s.ComputationStepExecutor] Generate Quality profile events | status=SUCCESS | time=2ms
2022.04.16 23:04:06 INFO  ce[AYA1Q00LWxlY6nFz3wm7][o.s.c.t.s.ComputationStepExecutor] Generate Quality gate events | status=SUCCESS | time=1ms
2022.04.16 23:04:06 INFO  ce[AYA1Q00LWxlY6nFz3wm7][o.s.c.t.s.ComputationStepExecutor] Check upgrade possibility for not analyzed code files. | status=SUCCESS | time=1ms
2022.04.16 23:04:06 INFO  ce[AYA1Q00LWxlY6nFz3wm7][o.s.c.t.s.ComputationStepExecutor] Persist scanner analysis cache | status=SUCCESS | time=0ms
2022.04.16 23:04:06 INFO  ce[AYA1Q00LWxlY6nFz3wm7][o.s.c.t.s.ComputationStepExecutor] Persist components | status=SUCCESS | time=21ms
2022.04.16 23:04:06 INFO  ce[AYA1Q00LWxlY6nFz3wm7][o.s.c.t.s.ComputationStepExecutor] Persist analysis | status=SUCCESS | time=1ms
2022.04.16 23:04:06 INFO  ce[AYA1Q00LWxlY6nFz3wm7][o.s.c.t.s.ComputationStepExecutor] Persist analysis properties | status=SUCCESS | time=3ms
2022.04.16 23:04:06 INFO  ce[AYA1Q00LWxlY6nFz3wm7][o.s.c.t.s.ComputationStepExecutor] Persist measures | inserts=57 | status=SUCCESS | time=12ms
2022.04.16 23:04:07 INFO  ce[AYA1Q00LWxlY6nFz3wm7][o.s.c.t.s.ComputationStepExecutor] Persist live measures | insertsOrUpdates=1266 | status=SUCCESS | time=127ms
2022.04.16 23:04:07 INFO  ce[AYA1Q00LWxlY6nFz3wm7][o.s.c.t.s.ComputationStepExecutor] Persist duplication data | insertsOrUpdates=0 | status=SUCCESS | time=1ms
2022.04.16 23:04:07 INFO  ce[AYA1Q00LWxlY6nFz3wm7][o.s.c.t.s.ComputationStepExecutor] Persist new ad hoc Rules | status=SUCCESS | time=1ms
2022.04.16 23:04:07 INFO  ce[AYA1Q00LWxlY6nFz3wm7][o.s.c.t.s.ComputationStepExecutor] Persist issues | cacheSize=10.5 kB | inserts=21 | updates=0 | merged=0 | status=SUCCESS | time=18ms
2022.04.16 23:04:07 INFO  ce[AYA1Q00LWxlY6nFz3wm7][o.s.c.t.s.ComputationStepExecutor] Persist project links | status=SUCCESS | time=7ms
2022.04.16 23:04:07 INFO  ce[AYA1Q00LWxlY6nFz3wm7][o.s.c.t.s.ComputationStepExecutor] Persist events | status=SUCCESS | time=3ms
2022.04.16 23:04:07 INFO  ce[AYA1Q00LWxlY6nFz3wm7][o.s.c.t.s.ComputationStepExecutor] Persist sources | status=SUCCESS | time=139ms
2022.04.16 23:04:07 INFO  ce[AYA1Q00LWxlY6nFz3wm7][o.s.c.t.s.ComputationStepExecutor] Persist cross project duplications | status=SUCCESS | time=0ms
2022.04.16 23:04:07 INFO  ce[AYA1Q00LWxlY6nFz3wm7][o.s.c.t.s.ComputationStepExecutor] Enable analysis | status=SUCCESS | time=2ms
2022.04.16 23:04:07 INFO  ce[AYA1Q00LWxlY6nFz3wm7][o.s.c.t.s.ComputationStepExecutor] Update last usage date of quality profiles | status=SUCCESS | time=5ms
2022.04.16 23:04:07 INFO  ce[AYA1Q00LWxlY6nFz3wm7][o.s.c.t.s.ComputationStepExecutor] Purge db | status=SUCCESS | time=252ms
2022.04.16 23:04:08 INFO  ce[AYA1Q00LWxlY6nFz3wm7][o.s.c.t.s.ComputationStepExecutor] Index analysis | status=SUCCESS | time=612ms
2022.04.16 23:04:08 INFO  ce[AYA1Q00LWxlY6nFz3wm7][o.s.c.t.s.ComputationStepExecutor] Update need issue sync for branch | status=SUCCESS | time=1ms
2022.04.16 23:04:08 INFO  ce[AYA1Q00LWxlY6nFz3wm7][o.s.c.t.s.ComputationStepExecutor] Send issue notifications | newIssuesNotifs=0 | newIssuesDeliveries=0 | myNewIssuesNotifs=0 | myNewIssuesDeliveries=0 | changesNotifs=0 | changesDeliveries=0 | status=SUCCESS | time=2ms
2022.04.16 23:04:08 INFO  ce[AYA1Q00LWxlY6nFz3wm7][o.s.c.t.s.ComputationStepExecutor] Publish task results | status=SUCCESS | time=0ms
2022.04.16 23:04:08 INFO  ce[AYA1Q00LWxlY6nFz3wm7][o.s.c.t.s.ComputationStepExecutor] Trigger refresh of Portfolios and Applications | status=SUCCESS | time=0ms
2022.04.16 23:04:08 INFO  ce[AYA1Q00LWxlY6nFz3wm7][o.s.c.t.p.a.p.PostProjectAnalysisTasksExecutor] Webhooks | globalWebhooks=0 | projectWebhooks=0 | status=SUCCESS | time=3ms
2022.04.16 23:04:08 INFO  ce[AYA1Q00LWxlY6nFz3wm7][o.s.c.t.CeWorkerImpl] Executed task | project=murilonerdx-java | type=REPORT | id=AYA1Q00LWxlY6nFz3wm7 | submitter=admin | status=SUCCESS | time=2970ms
2022.04.16 23:07:18 INFO  ce[][o.s.p.ProcessEntryPoint] Gracefully stopping process
2022.04.16 23:07:18 INFO  ce[][o.s.ce.app.CeServer] Compute Engine is stopping...
2022.04.16 23:07:18 INFO  ce[][o.s.c.t.CeProcessingSchedulerImpl] Gracefully stopping workers...
2022.04.16 23:07:18 INFO  ce[][o.s.ce.app.CeServer] Compute Engine is stopped
