--> Wrapper Started as Console
Launching a JVM...
Unable to execute Java command.  Acesso negado. (0x5)
    "C:\Program Files\Java\jdk-11.0.14\bin" -Dsonar.wrapped=true -Djava.awt.headless=true --add-exports=java.base/jdk.internal.ref=ALL-UNNAMED --add-opens=java.base/java.lang=ALL-UNNAMED --add-opens=java.base/java.nio=ALL-UNNAMED --add-opens=java.base/sun.nio.ch=ALL-UNNAMED --add-opens=java.management/sun.management=ALL-UNNAMED --add-opens=jdk.management/com.sun.management.internal=ALL-UNNAMED -Xms8m -Xmx32m -Djava.library.path="./lib" -classpath "../../lib/sonar-application-9.4.0.54424.jar;../../lib/jsw/wrapper-3.2.3.jar;../../lib/sonar-shutdowner-9.4.0.54424.jar" -Dwrapper.key="lhEHGihSKMv8jALL" -Dwrapper.port=32000 -Dwrapper.jvm.port.min=31000 -Dwrapper.jvm.port.max=31999 -Dwrapper.pid=34356 -Dwrapper.version="3.2.3" -Dwrapper.native_library="wrapper" -Dwrapper.cpu.timeout="10" -Dwrapper.jvmid=1 org.tanukisoftware.wrapper.WrapperSimpleApp org.sonar.application.App

------------------------------------------------------------------------
Advice:
Access denied errors when attempting to launch the Java process are
usually caused by strict access permissions assigned to the directory
in which Java is installed.
------------------------------------------------------------------------

Critical error: wait for JVM process failed
--> Wrapper Started as Console
Launching a JVM...
Unable to execute Java command.  Acesso negado. (0x5)
    "C:\Program Files\Java\jdk-11.0.14\bin" -Dsonar.wrapped=true -Djava.awt.headless=true --add-exports=java.base/jdk.internal.ref=ALL-UNNAMED --add-opens=java.base/java.lang=ALL-UNNAMED --add-opens=java.base/java.nio=ALL-UNNAMED --add-opens=java.base/sun.nio.ch=ALL-UNNAMED --add-opens=java.management/sun.management=ALL-UNNAMED --add-opens=jdk.management/com.sun.management.internal=ALL-UNNAMED -Xms8m -Xmx32m -Djava.library.path="./lib" -classpath "../../lib/sonar-application-9.4.0.54424.jar;../../lib/jsw/wrapper-3.2.3.jar;../../lib/sonar-shutdowner-9.4.0.54424.jar" -Dwrapper.key="CJttUn95qQfGTU8r" -Dwrapper.port=32000 -Dwrapper.jvm.port.min=31000 -Dwrapper.jvm.port.max=31999 -Dwrapper.pid=31024 -Dwrapper.version="3.2.3" -Dwrapper.native_library="wrapper" -Dwrapper.cpu.timeout="10" -Dwrapper.jvmid=1 org.tanukisoftware.wrapper.WrapperSimpleApp org.sonar.application.App

------------------------------------------------------------------------
Advice:
Access denied errors when attempting to launch the Java process are
usually caused by strict access permissions assigned to the directory
in which Java is installed.
------------------------------------------------------------------------

Critical error: wait for JVM process failed
--> Wrapper Started as Console
Launching a JVM...
Unable to execute Java command.  Acesso negado. (0x5)
    "C:\Program Files\Java\jdk-11.0.14\bin" -Dsonar.wrapped=true -Djava.awt.headless=true --add-exports=java.base/jdk.internal.ref=ALL-UNNAMED --add-opens=java.base/java.lang=ALL-UNNAMED --add-opens=java.base/java.nio=ALL-UNNAMED --add-opens=java.base/sun.nio.ch=ALL-UNNAMED --add-opens=java.management/sun.management=ALL-UNNAMED --add-opens=jdk.management/com.sun.management.internal=ALL-UNNAMED -Xms8m -Xmx32m -Djava.library.path="./lib" -classpath "../../lib/sonar-application-9.4.0.54424.jar;../../lib/jsw/wrapper-3.2.3.jar;../../lib/sonar-shutdowner-9.4.0.54424.jar" -Dwrapper.key="OUTlTHRiAmdi_F4a" -Dwrapper.port=32000 -Dwrapper.jvm.port.min=31000 -Dwrapper.jvm.port.max=31999 -Dwrapper.pid=34080 -Dwrapper.version="3.2.3" -Dwrapper.native_library="wrapper" -Dwrapper.cpu.timeout="10" -Dwrapper.jvmid=1 org.tanukisoftware.wrapper.WrapperSimpleApp org.sonar.application.App

------------------------------------------------------------------------
Advice:
Access denied errors when attempting to launch the Java process are
usually caused by strict access permissions assigned to the directory
in which Java is installed.
------------------------------------------------------------------------

Critical error: wait for JVM process failed
--> Wrapper Started as Console
Launching a JVM...
Wrapper (Version 3.2.3) http://wrapper.tanukisoftware.org
  Copyright 1999-2006 Tanuki Software, Inc.  All Rights Reserved.

2022.04.16 22:58:12 INFO  app[][o.s.a.AppFileSystem] Cleaning or creating temp directory C:\Users\T-GAMER\Desktop\sonarqube-9.4.0.54424\temp
2022.04.16 22:58:12 INFO  app[][o.s.a.es.EsSettings] Elasticsearch listening on [HTTP: 127.0.0.1:9001, TCP: 127.0.0.1:57866]
2022.04.16 22:58:12 INFO  app[][o.s.a.ProcessLauncherImpl] Launch process[ELASTICSEARCH] from [C:\Users\T-GAMER\Desktop\sonarqube-9.4.0.54424\elasticsearch]: C:\Program Files\Java\jdk-11.0.14\bin\java -XX:+UseG1GC -Djava.io.tmpdir=C:\Users\T-GAMER\Desktop\sonarqube-9.4.0.54424\temp -XX:ErrorFile=../logs/es_hs_err_pid%p.log -Des.networkaddress.cache.ttl=60 -Des.networkaddress.cache.negative.ttl=10 -XX:+AlwaysPreTouch -Xss1m -Djava.awt.headless=true -Dfile.encoding=UTF-8 -Djna.nosys=true -Djna.tmpdir=C:\Users\T-GAMER\Desktop\sonarqube-9.4.0.54424\temp -XX:-OmitStackTraceInFastThrow -Dio.netty.noUnsafe=true -Dio.netty.noKeySetOptimization=true -Dio.netty.recycler.maxCapacityPerThread=0 -Dio.netty.allocator.numDirectArenas=0 -Dlog4j.shutdownHookEnabled=false -Dlog4j2.disable.jmx=true -Dlog4j2.formatMsgNoLookups=true -Djava.locale.providers=COMPAT -Dcom.redhat.fips=false -Xmx512m -Xms512m -XX:MaxDirectMemorySize=256m -XX:+HeapDumpOnOutOfMemoryError -Delasticsearch -Des.path.home=C:\Users\T-GAMER\Desktop\sonarqube-9.4.0.54424\elasticsearch -Des.path.conf=C:\Users\T-GAMER\Desktop\sonarqube-9.4.0.54424\temp\conf\es -cp lib/* org.elasticsearch.bootstrap.Elasticsearch
2022.04.16 22:58:12 INFO  app[][o.s.a.SchedulerImpl] Waiting for Elasticsearch to be up and running
2022.04.16 22:58:18 INFO  app[][o.s.a.SchedulerImpl] Process[es] is up
2022.04.16 22:58:18 INFO  app[][o.s.a.ProcessLauncherImpl] Launch process[WEB_SERVER] from [C:\Users\T-GAMER\Desktop\sonarqube-9.4.0.54424]: C:\Program Files\Java\jdk-11.0.14\bin\java -Djava.awt.headless=true -Dfile.encoding=UTF-8 -Djava.io.tmpdir=C:\Users\T-GAMER\Desktop\sonarqube-9.4.0.54424\temp -XX:-OmitStackTraceInFastThrow --add-opens=java.base/java.util=ALL-UNNAMED --add-opens=java.base/java.lang=ALL-UNNAMED --add-opens=java.base/java.io=ALL-UNNAMED --add-opens=java.rmi/sun.rmi.transport=ALL-UNNAMED --add-exports=java.base/jdk.internal.ref=ALL-UNNAMED --add-opens=java.base/java.nio=ALL-UNNAMED --add-opens=java.base/sun.nio.ch=ALL-UNNAMED --add-opens=java.management/sun.management=ALL-UNNAMED --add-opens=jdk.management/com.sun.management.internal=ALL-UNNAMED -Dcom.redhat.fips=false -Xmx512m -Xms128m -XX:+HeapDumpOnOutOfMemoryError -Dhttp.nonProxyHosts=localhost|127.*|[::1] -cp ./lib/sonar-application-9.4.0.54424.jar;C:\Users\T-GAMER\Desktop\sonarqube-9.4.0.54424\lib\jdbc\h2\h2-2.1.210.jar org.sonar.server.app.WebServer C:\Users\T-GAMER\Desktop\sonarqube-9.4.0.54424\temp\sq-process4657701000128041814properties
2022.04.16 23:00:29 INFO  app[][o.s.a.SchedulerImpl] Process[web] is up
2022.04.16 23:00:29 INFO  app[][o.s.a.ProcessLauncherImpl] Launch process[COMPUTE_ENGINE] from [C:\Users\T-GAMER\Desktop\sonarqube-9.4.0.54424]: C:\Program Files\Java\jdk-11.0.14\bin\java -Djava.awt.headless=true -Dfile.encoding=UTF-8 -Djava.io.tmpdir=C:\Users\T-GAMER\Desktop\sonarqube-9.4.0.54424\temp -XX:-OmitStackTraceInFastThrow --add-opens=java.base/java.util=ALL-UNNAMED --add-exports=java.base/jdk.internal.ref=ALL-UNNAMED --add-opens=java.base/java.lang=ALL-UNNAMED --add-opens=java.base/java.nio=ALL-UNNAMED --add-opens=java.base/sun.nio.ch=ALL-UNNAMED --add-opens=java.management/sun.management=ALL-UNNAMED --add-opens=jdk.management/com.sun.management.internal=ALL-UNNAMED -Dcom.redhat.fips=false -Xmx512m -Xms128m -XX:+HeapDumpOnOutOfMemoryError -Dhttp.nonProxyHosts=localhost|127.*|[::1] -cp ./lib/sonar-application-9.4.0.54424.jar;C:\Users\T-GAMER\Desktop\sonarqube-9.4.0.54424\lib\jdbc\h2\h2-2.1.210.jar org.sonar.ce.app.CeServer C:\Users\T-GAMER\Desktop\sonarqube-9.4.0.54424\temp\sq-process17013173162558098358properties
2022.04.16 23:00:30 WARN  app[][startup] ####################################################################################################################
2022.04.16 23:00:30 WARN  app[][startup] Default Administrator credentials are still being used. Make sure to change the password or deactivate the account.
2022.04.16 23:00:30 WARN  app[][startup] ####################################################################################################################
2022.04.16 23:00:32 INFO  app[][o.s.a.SchedulerImpl] Process[ce] is up
2022.04.16 23:00:32 INFO  app[][o.s.a.SchedulerImpl] SonarQube is operational
CTRL-C trapped.  Shutting down.
CTRL-C trapped.  Forcing immediate shutdown.
2022.04.16 23:07:17 INFO  app[][o.s.a.SchedulerImpl] Stopping SonarQube
2022.04.16 23:07:18 INFO  app[][o.s.a.SchedulerImpl] Process[Compute Engine] is stopped
2022.04.16 23:07:19 INFO  app[][o.s.a.SchedulerImpl] Process[Web Server] is stopped
2022.04.16 23:07:19 INFO  app[][o.s.a.SchedulerImpl] Process[ElasticSearch] is stopped
2022.04.16 23:07:19 INFO  app[][o.s.a.SchedulerImpl] SonarQube is stopped
<-- Wrapper Stopped
